<?xml version="1.0" encoding="UTF-8"?>
<testsuite xmlns:xsi="http://www.w3.org/2001/XMLSchema-instance" xsi:noNamespaceSchemaLocation="https://maven.apache.org/surefire/maven-surefire-plugin/xsd/surefire-test-report-3.0.xsd" version="3.0" name="com.bigcompany.OrgAnalyzerRuleEngineTest" time="0.145" tests="3" errors="0" skipped="0" failures="0">
  <properties>
[...]
</properties>
  <testcase name="sampleCsv_parses_and_rules_apply" classname="com.bigcompany.OrgAnalyzerRuleEngineTest" time="0.096"/>
  <testcase name="boundaries_respected" classname="com.bigcompany.OrgAnalyzerRuleEngineTest" time="0.014"/>
  <testcase name="long_chain_detected" classname="com.bigcompany.OrgAnalyzerRuleEngineTest" time="0.012"/>
</testsuite>